C:\Program Files (x86)\Microsoft Visual Studio\2019\Community\MSBuild\Microsoft\VC\v160\Microsoft.CppBuild.targets(491,5): warning MSB8028: El directorio intermedio (Debug\) contiene archivos compartidos de otro proyecto (3D Physics - class5.vcxproj). Esto puede dar lugar a un comportamiento incorrecto de limpieza y recompilación.
  Application.cpp
D:\Github\Gucci_Engines\ModulePhysics3D.h(47,1): error C2504: 'btIDebugDraw': clase base sin definir
D:\Github\Gucci_Engines\ModulePhysics3D.h(52,31): error C4430: falta el especificador de tipo; se presupone int. Nota: C++ no admite default-int
D:\Github\Gucci_Engines\ModulePhysics3D.h(52,31): error C2143: error de sintaxis: falta ',' delante de '&'
D:\Github\Gucci_Engines\ModulePhysics3D.h(53,39): error C4430: falta el especificador de tipo; se presupone int. Nota: C++ no admite default-int
D:\Github\Gucci_Engines\ModulePhysics3D.h(53,39): error C2143: error de sintaxis: falta ',' delante de '&'
D:\Github\Gucci_Engines\ModulePhysics3D.h(55,33): error C4430: falta el especificador de tipo; se presupone int. Nota: C++ no admite default-int
D:\Github\Gucci_Engines\ModulePhysics3D.h(55,33): error C2143: error de sintaxis: falta ',' delante de '&'
  Main.cpp
D:\Github\Gucci_Engines\ModulePhysics3D.h(47,1): error C2504: 'btIDebugDraw': clase base sin definir
D:\Github\Gucci_Engines\ModulePhysics3D.h(52,31): error C4430: falta el especificador de tipo; se presupone int. Nota: C++ no admite default-int
D:\Github\Gucci_Engines\ModulePhysics3D.h(52,31): error C2143: error de sintaxis: falta ',' delante de '&'
D:\Github\Gucci_Engines\ModulePhysics3D.h(53,39): error C4430: falta el especificador de tipo; se presupone int. Nota: C++ no admite default-int
D:\Github\Gucci_Engines\ModulePhysics3D.h(53,39): error C2143: error de sintaxis: falta ',' delante de '&'
D:\Github\Gucci_Engines\ModulePhysics3D.h(55,33): error C4430: falta el especificador de tipo; se presupone int. Nota: C++ no admite default-int
D:\Github\Gucci_Engines\ModulePhysics3D.h(55,33): error C2143: error de sintaxis: falta ',' delante de '&'
  ModuleAudio.cpp
D:\Github\Gucci_Engines\ModulePhysics3D.h(47,1): error C2504: 'btIDebugDraw': clase base sin definir
D:\Github\Gucci_Engines\ModulePhysics3D.h(52,31): error C4430: falta el especificador de tipo; se presupone int. Nota: C++ no admite default-int
D:\Github\Gucci_Engines\ModulePhysics3D.h(52,31): error C2143: error de sintaxis: falta ',' delante de '&'
D:\Github\Gucci_Engines\ModulePhysics3D.h(53,39): error C4430: falta el especificador de tipo; se presupone int. Nota: C++ no admite default-int
D:\Github\Gucci_Engines\ModulePhysics3D.h(53,39): error C2143: error de sintaxis: falta ',' delante de '&'
D:\Github\Gucci_Engines\ModulePhysics3D.h(55,33): error C4430: falta el especificador de tipo; se presupone int. Nota: C++ no admite default-int
D:\Github\Gucci_Engines\ModulePhysics3D.h(55,33): error C2143: error de sintaxis: falta ',' delante de '&'
  ModuleCamera3D.cpp
D:\Github\Gucci_Engines\ModulePhysics3D.h(47,1): error C2504: 'btIDebugDraw': clase base sin definir
D:\Github\Gucci_Engines\ModulePhysics3D.h(52,31): error C4430: falta el especificador de tipo; se presupone int. Nota: C++ no admite default-int
D:\Github\Gucci_Engines\ModulePhysics3D.h(52,31): error C2143: error de sintaxis: falta ',' delante de '&'
D:\Github\Gucci_Engines\ModulePhysics3D.h(53,39): error C4430: falta el especificador de tipo; se presupone int. Nota: C++ no admite default-int
D:\Github\Gucci_Engines\ModulePhysics3D.h(53,39): error C2143: error de sintaxis: falta ',' delante de '&'
D:\Github\Gucci_Engines\ModulePhysics3D.h(55,33): error C4430: falta el especificador de tipo; se presupone int. Nota: C++ no admite default-int
D:\Github\Gucci_Engines\ModulePhysics3D.h(55,33): error C2143: error de sintaxis: falta ',' delante de '&'
D:\Github\Gucci_Engines\ModuleCamera3D.cpp(3,10): fatal error C1083: No se puede abrir el archivo incluir: 'PhysBody3D.h': No such file or directory
  ModuleInput.cpp
D:\Github\Gucci_Engines\ModulePhysics3D.h(47,1): error C2504: 'btIDebugDraw': clase base sin definir
D:\Github\Gucci_Engines\ModulePhysics3D.h(52,31): error C4430: falta el especificador de tipo; se presupone int. Nota: C++ no admite default-int
D:\Github\Gucci_Engines\ModulePhysics3D.h(52,31): error C2143: error de sintaxis: falta ',' delante de '&'
D:\Github\Gucci_Engines\ModulePhysics3D.h(53,39): error C4430: falta el especificador de tipo; se presupone int. Nota: C++ no admite default-int
D:\Github\Gucci_Engines\ModulePhysics3D.h(53,39): error C2143: error de sintaxis: falta ',' delante de '&'
D:\Github\Gucci_Engines\ModulePhysics3D.h(55,33): error C4430: falta el especificador de tipo; se presupone int. Nota: C++ no admite default-int
D:\Github\Gucci_Engines\ModulePhysics3D.h(55,33): error C2143: error de sintaxis: falta ',' delante de '&'
  ModulePlayer.cpp
D:\Github\Gucci_Engines\ModulePhysics3D.h(47,1): error C2504: 'btIDebugDraw': clase base sin definir
D:\Github\Gucci_Engines\ModulePhysics3D.h(52,31): error C4430: falta el especificador de tipo; se presupone int. Nota: C++ no admite default-int
D:\Github\Gucci_Engines\ModulePhysics3D.h(52,31): error C2143: error de sintaxis: falta ',' delante de '&'
D:\Github\Gucci_Engines\ModulePhysics3D.h(53,39): error C4430: falta el especificador de tipo; se presupone int. Nota: C++ no admite default-int
D:\Github\Gucci_Engines\ModulePhysics3D.h(53,39): error C2143: error de sintaxis: falta ',' delante de '&'
D:\Github\Gucci_Engines\ModulePhysics3D.h(55,33): error C4430: falta el especificador de tipo; se presupone int. Nota: C++ no admite default-int
D:\Github\Gucci_Engines\ModulePhysics3D.h(55,33): error C2143: error de sintaxis: falta ',' delante de '&'
D:\Github\Gucci_Engines\ModulePlayer.cpp(5,10): fatal error C1083: No se puede abrir el archivo incluir: 'PhysVehicle3D.h': No such file or directory
  ModuleRenderer3D.cpp
D:\Github\Gucci_Engines\ModulePhysics3D.h(47,1): error C2504: 'btIDebugDraw': clase base sin definir
D:\Github\Gucci_Engines\ModulePhysics3D.h(52,31): error C4430: falta el especificador de tipo; se presupone int. Nota: C++ no admite default-int
D:\Github\Gucci_Engines\ModulePhysics3D.h(52,31): error C2143: error de sintaxis: falta ',' delante de '&'
D:\Github\Gucci_Engines\ModulePhysics3D.h(53,39): error C4430: falta el especificador de tipo; se presupone int. Nota: C++ no admite default-int
D:\Github\Gucci_Engines\ModulePhysics3D.h(53,39): error C2143: error de sintaxis: falta ',' delante de '&'
D:\Github\Gucci_Engines\ModulePhysics3D.h(55,33): error C4430: falta el especificador de tipo; se presupone int. Nota: C++ no admite default-int
D:\Github\Gucci_Engines\ModulePhysics3D.h(55,33): error C2143: error de sintaxis: falta ',' delante de '&'
  ModuleSceneIntro.cpp
D:\Github\Gucci_Engines\ModulePhysics3D.h(47,1): error C2504: 'btIDebugDraw': clase base sin definir
D:\Github\Gucci_Engines\ModulePhysics3D.h(52,31): error C4430: falta el especificador de tipo; se presupone int. Nota: C++ no admite default-int
D:\Github\Gucci_Engines\ModulePhysics3D.h(52,31): error C2143: error de sintaxis: falta ',' delante de '&'
D:\Github\Gucci_Engines\ModulePhysics3D.h(53,39): error C4430: falta el especificador de tipo; se presupone int. Nota: C++ no admite default-int
D:\Github\Gucci_Engines\ModulePhysics3D.h(53,39): error C2143: error de sintaxis: falta ',' delante de '&'
D:\Github\Gucci_Engines\ModulePhysics3D.h(55,33): error C4430: falta el especificador de tipo; se presupone int. Nota: C++ no admite default-int
D:\Github\Gucci_Engines\ModulePhysics3D.h(55,33): error C2143: error de sintaxis: falta ',' delante de '&'
D:\Github\Gucci_Engines\ModuleSceneIntro.cpp(5,10): fatal error C1083: No se puede abrir el archivo incluir: 'PhysBody3D.h': No such file or directory
  ModuleWindow.cpp
D:\Github\Gucci_Engines\ModulePhysics3D.h(47,1): error C2504: 'btIDebugDraw': clase base sin definir
D:\Github\Gucci_Engines\ModulePhysics3D.h(52,31): error C4430: falta el especificador de tipo; se presupone int. Nota: C++ no admite default-int
D:\Github\Gucci_Engines\ModulePhysics3D.h(52,31): error C2143: error de sintaxis: falta ',' delante de '&'
D:\Github\Gucci_Engines\ModulePhysics3D.h(53,39): error C4430: falta el especificador de tipo; se presupone int. Nota: C++ no admite default-int
D:\Github\Gucci_Engines\ModulePhysics3D.h(53,39): error C2143: error de sintaxis: falta ',' delante de '&'
D:\Github\Gucci_Engines\ModulePhysics3D.h(55,33): error C4430: falta el especificador de tipo; se presupone int. Nota: C++ no admite default-int
D:\Github\Gucci_Engines\ModulePhysics3D.h(55,33): error C2143: error de sintaxis: falta ',' delante de '&'
  Generando código...
